app/build/intermediates/manifest_merge_blame_file/debug/manifest-merger-blame-debug-report.txt
1<?xml version="1.0" encoding="utf-8"?>
2<manifest xmlns:android="http://schemas.android.com/apk/res/android"
3    package="com.mobilegame.localnetworkingandroidapp"
4    android:versionCode="1"
5    android:versionName="1.0" >
6
7    <uses-sdk
8        android:minSdkVersion="21"
8-->src\main\AndroidManifest.xml
9        android:targetSdkVersion="32" />
9-->src\main\AndroidManifest.xml
10
11    <uses-permission android:name="android.permission.INTERNET" />
11-->src\main\AndroidManifest.xml:5:5-67
11-->src\main\AndroidManifest.xml:5:22-64
12
13    <application
13-->src\main\AndroidManifest.xml:7:5-33:19
14        android:allowBackup="true"
14-->src\main\AndroidManifest.xml:8:9-35
15        android:appComponentFactory="androidx.core.app.CoreComponentFactory"
15-->[androidx.core:core:1.7.0] AndroidManifest.xml:24:18-86
16        android:dataExtractionRules="@xml/data_extraction_rules"
16-->src\main\AndroidManifest.xml:9:9-65
17        android:debuggable="true"
18        android:fullBackupContent="@xml/backup_rules"
18-->src\main\AndroidManifest.xml:10:9-54
19        android:icon="@mipmap/ic_launcher"
19-->src\main\AndroidManifest.xml:11:9-43
20        android:label="@string/app_name"
20-->src\main\AndroidManifest.xml:12:9-41
21        android:roundIcon="@mipmap/ic_launcher_round"
21-->src\main\AndroidManifest.xml:13:9-54
22        android:supportsRtl="true"
22-->src\main\AndroidManifest.xml:14:9-35
23        android:testOnly="true"
24        android:theme="@style/Theme.LocalNetworkingAndroidApp" >
24-->src\main\AndroidManifest.xml:15:9-63
25        <activity
25-->src\main\AndroidManifest.xml:17:9-32:20
26            android:name="com.mobilegame.localnetworkingandroidapp.MainActivity"
26-->src\main\AndroidManifest.xml:18:13-41
27            android:exported="true"
27-->src\main\AndroidManifest.xml:19:13-36
28            android:label="@string/app_name"
28-->src\main\AndroidManifest.xml:20:13-45
29            android:theme="@style/Theme.LocalNetworkingAndroidApp"
29-->src\main\AndroidManifest.xml:22:13-67
30            android:windowSoftInputMode="adjustResize" >
30-->src\main\AndroidManifest.xml:21:13-55
31            <intent-filter>
31-->src\main\AndroidManifest.xml:23:13-27:29
32                <action android:name="android.intent.action.MAIN" />
32-->src\main\AndroidManifest.xml:24:17-69
32-->src\main\AndroidManifest.xml:24:25-66
33
34                <category android:name="android.intent.category.LAUNCHER" />
34-->src\main\AndroidManifest.xml:26:17-77
34-->src\main\AndroidManifest.xml:26:27-74
35            </intent-filter>
36
37            <meta-data
37-->src\main\AndroidManifest.xml:29:13-31:36
38                android:name="android.app.lib_name"
38-->src\main\AndroidManifest.xml:30:17-52
39                android:value="" />
39-->src\main\AndroidManifest.xml:31:17-33
40        </activity>
41        <activity
41-->[androidx.compose.ui:ui-tooling:1.1.1] AndroidManifest.xml:25:9-27:39
42            android:name="androidx.compose.ui.tooling.PreviewActivity"
42-->[androidx.compose.ui:ui-tooling:1.1.1] AndroidManifest.xml:26:13-71
43            android:exported="true" />
43-->[androidx.compose.ui:ui-tooling:1.1.1] AndroidManifest.xml:27:13-36
44        <activity
44-->[androidx.compose.ui:ui-test-manifest:1.1.1] AndroidManifest.xml:25:9-27:39
45            android:name="androidx.activity.ComponentActivity"
45-->[androidx.compose.ui:ui-test-manifest:1.1.1] AndroidManifest.xml:26:13-63
46            android:exported="true" />
46-->[androidx.compose.ui:ui-test-manifest:1.1.1] AndroidManifest.xml:27:13-36
47
48        <provider
48-->[androidx.profileinstaller:profileinstaller:1.1.0] AndroidManifest.xml:26:9-34:20
49            android:name="androidx.startup.InitializationProvider"
49-->[androidx.profileinstaller:profileinstaller:1.1.0] AndroidManifest.xml:27:13-67
50            android:authorities="com.mobilegame.localnetworkingandroidapp.androidx-startup"
50-->[androidx.profileinstaller:profileinstaller:1.1.0] AndroidManifest.xml:28:13-68
51            android:exported="false" >
51-->[androidx.profileinstaller:profileinstaller:1.1.0] AndroidManifest.xml:29:13-37
52            <meta-data
52-->[androidx.profileinstaller:profileinstaller:1.1.0] AndroidManifest.xml:31:13-33:52
53                android:name="androidx.profileinstaller.ProfileInstallerInitializer"
53-->[androidx.profileinstaller:profileinstaller:1.1.0] AndroidManifest.xml:32:17-85
54                android:value="androidx.startup" />
54-->[androidx.profileinstaller:profileinstaller:1.1.0] AndroidManifest.xml:33:17-49
55        </provider>
56
57        <receiver
57-->[androidx.profileinstaller:profileinstaller:1.1.0] AndroidManifest.xml:36:9-45:20
58            android:name="androidx.profileinstaller.ProfileInstallReceiver"
58-->[androidx.profileinstaller:profileinstaller:1.1.0] AndroidManifest.xml:37:13-76
59            android:directBootAware="false"
59-->[androidx.profileinstaller:profileinstaller:1.1.0] AndroidManifest.xml:38:13-44
60            android:enabled="true"
60-->[androidx.profileinstaller:profileinstaller:1.1.0] AndroidManifest.xml:39:13-35
61            android:exported="true"
61-->[androidx.profileinstaller:profileinstaller:1.1.0] AndroidManifest.xml:40:13-36
62            android:permission="android.permission.DUMP" >
62-->[androidx.profileinstaller:profileinstaller:1.1.0] AndroidManifest.xml:41:13-57
63            <intent-filter>
63-->[androidx.profileinstaller:profileinstaller:1.1.0] AndroidManifest.xml:42:13-44:29
64                <action android:name="androidx.profileinstaller.action.INSTALL_PROFILE" />
64-->[androidx.profileinstaller:profileinstaller:1.1.0] AndroidManifest.xml:43:17-91
64-->[androidx.profileinstaller:profileinstaller:1.1.0] AndroidManifest.xml:43:25-88
65            </intent-filter>
66        </receiver>
67    </application>
68
69</manifest>